# JRE version: OpenJDK Runtime Environment Temurin-17.0.7+7 (17.0.7+7) (build 17.0.7+7)
# Java VM: OpenJDK 64-Bit Server VM Temurin-17.0.7+7 (17.0.7+7, mixed mode, emulated-client, tiered, compressed oops, compressed class ptrs, g1 gc, windows-amd64)
GC Precious Log:
 CPUs: 8 total, 8 available
 Memory: 6055M
 Large Page Support: Disabled
 NUMA Support: Disabled
 Compressed Oops: Enabled (32-bit)
 Heap Region Size: 1M
 Heap Min Capacity: 8M
 Heap Initial Capacity: 96M
 Heap Max Capacity: 1G
 Pre-touch: Disabled
 Parallel Workers: 8
 Concurrent Workers: 2
 Concurrent Refinement Workers: 8
 Periodic GC: Disabled
Heap:
 garbage-first heap   total 157696K, used 47119K [0x00000000c0000000, 0x0000000100000000)
  region size 1024K, 1 young (1024K), 0 survivors (0K)
 Metaspace       used 68922K, committed 69376K, reserved 1114112K
  class space    used 9071K, committed 9280K, reserved 1048576K
GC Heap History (20 events):
Event: 3671.378 GC heap before
{Heap before GC invocations=380 (full 308):
 garbage-first heap   total 157696K, used 47119K [0x00000000c0000000, 0x0000000100000000)
  region size 1024K, 1 young (1024K), 0 survivors (0K)
 Metaspace       used 68922K, committed 69376K, reserved 1114112K
  class space    used 9071K, committed 9280K, reserved 1048576K
}
Event: 3671.437 GC heap after
{Heap after GC invocations=381 (full 309):
 garbage-first heap   total 157696K, used 47119K [0x00000000c0000000, 0x0000000100000000)
  region size 1024K, 0 young (0K), 0 survivors (0K)
 Metaspace       used 68922K, committed 69376K, reserved 1114112K
  class space    used 9071K, committed 9280K, reserved 1048576K
}
Event: 3681.656 GC heap before
{Heap before GC invocations=381 (full 309):
 garbage-first heap   total 157696K, used 47119K [0x00000000c0000000, 0x0000000100000000)
  region size 1024K, 1 young (1024K), 0 survivors (0K)
 Metaspace       used 68922K, committed 69376K, reserved 1114112K
  class space    used 9071K, committed 9280K, reserved 1048576K
}
Event: 3681.720 GC heap after
{Heap after GC invocations=382 (full 310):
 garbage-first heap   total 157696K, used 47119K [0x00000000c0000000, 0x0000000100000000)
  region size 1024K, 0 young (0K), 0 survivors (0K)
 Metaspace       used 68922K, committed 69376K, reserved 1114112K
  class space    used 9071K, committed 9280K, reserved 1048576K
}
Event: 3691.886 GC heap before
{Heap before GC invocations=382 (full 310):
 garbage-first heap   total 157696K, used 47119K [0x00000000c0000000, 0x0000000100000000)
  region size 1024K, 1 young (1024K), 0 survivors (0K)
 Metaspace       used 68922K, committed 69376K, reserved 1114112K
  class space    used 9071K, committed 9280K, reserved 1048576K
}
Event: 3691.958 GC heap after
{Heap after GC invocations=383 (full 311):
 garbage-first heap   total 157696K, used 47119K [0x00000000c0000000, 0x0000000100000000)
  region size 1024K, 0 young (0K), 0 survivors (0K)
 Metaspace       used 68922K, committed 69376K, reserved 1114112K
  class space    used 9071K, committed 9280K, reserved 1048576K
}
Event: 3702.191 GC heap before
{Heap before GC invocations=383 (full 311):
 garbage-first heap   total 157696K, used 47119K [0x00000000c0000000, 0x0000000100000000)
  region size 1024K, 1 young (1024K), 0 survivors (0K)
 Metaspace       used 68922K, committed 69376K, reserved 1114112K
  class space    used 9071K, committed 9280K, reserved 1048576K
}
Event: 3702.260 GC heap after
{Heap after GC invocations=384 (full 312):
 garbage-first heap   total 157696K, used 47119K [0x00000000c0000000, 0x0000000100000000)
  region size 1024K, 0 young (0K), 0 survivors (0K)
 Metaspace       used 68922K, committed 69376K, reserved 1114112K
  class space    used 9071K, committed 9280K, reserved 1048576K
}
Event: 3712.493 GC heap before
{Heap before GC invocations=384 (full 312):
 garbage-first heap   total 157696K, used 47119K [0x00000000c0000000, 0x0000000100000000)
  region size 1024K, 1 young (1024K), 0 survivors (0K)
 Metaspace       used 68922K, committed 69376K, reserved 1114112K
  class space    used 9071K, committed 9280K, reserved 1048576K
}
Event: 3712.558 GC heap after
{Heap after GC invocations=385 (full 313):
 garbage-first heap   total 157696K, used 47119K [0x00000000c0000000, 0x0000000100000000)
  region size 1024K, 0 young (0K), 0 survivors (0K)
 Metaspace       used 68922K, committed 69376K, reserved 1114112K
  class space    used 9071K, committed 9280K, reserved 1048576K
}
Event: 3722.927 GC heap before
{Heap before GC invocations=385 (full 313):
 garbage-first heap   total 157696K, used 47119K [0x00000000c0000000, 0x0000000100000000)
  region size 1024K, 1 young (1024K), 0 survivors (0K)
 Metaspace       used 68922K, committed 69376K, reserved 1114112K
  class space    used 9071K, committed 9280K, reserved 1048576K
}
Event: 3723.009 GC heap after
{Heap after GC invocations=386 (full 314):
 garbage-first heap   total 157696K, used 47119K [0x00000000c0000000, 0x0000000100000000)
  region size 1024K, 0 young (0K), 0 survivors (0K)
 Metaspace       used 68922K, committed 69376K, reserved 1114112K
  class space    used 9071K, committed 9280K, reserved 1048576K
}
Event: 3733.686 GC heap before
{Heap before GC invocations=386 (full 314):
 garbage-first heap   total 157696K, used 47119K [0x00000000c0000000, 0x0000000100000000)
  region size 1024K, 1 young (1024K), 0 survivors (0K)
 Metaspace       used 68922K, committed 69376K, reserved 1114112K
  class space    used 9071K, committed 9280K, reserved 1048576K
}
Event: 3733.778 GC heap after
{Heap after GC invocations=387 (full 315):
 garbage-first heap   total 157696K, used 47119K [0x00000000c0000000, 0x0000000100000000)
  region size 1024K, 0 young (0K), 0 survivors (0K)
 Metaspace       used 68922K, committed 69376K, reserved 1114112K
  class space    used 9071K, committed 9280K, reserved 1048576K
}
Event: 3744.145 GC heap before
{Heap before GC invocations=387 (full 315):
 garbage-first heap   total 157696K, used 47119K [0x00000000c0000000, 0x0000000100000000)
  region size 1024K, 1 young (1024K), 0 survivors (0K)
 Metaspace       used 68922K, committed 69376K, reserved 1114112K
  class space    used 9071K, committed 9280K, reserved 1048576K
}
Event: 3744.234 GC heap after
{Heap after GC invocations=388 (full 316):
 garbage-first heap   total 157696K, used 47119K [0x00000000c0000000, 0x0000000100000000)
  region size 1024K, 0 young (0K), 0 survivors (0K)
 Metaspace       used 68922K, committed 69376K, reserved 1114112K
  class space    used 9071K, committed 9280K, reserved 1048576K
}
Event: 3754.476 GC heap before
{Heap before GC invocations=388 (full 316):
 garbage-first heap   total 157696K, used 47119K [0x00000000c0000000, 0x0000000100000000)
  region size 1024K, 1 young (1024K), 0 survivors (0K)
 Metaspace       used 68922K, committed 69376K, reserved 1114112K
  class space    used 9071K, committed 9280K, reserved 1048576K
}
Event: 3754.552 GC heap after
{Heap after GC invocations=389 (full 317):
 garbage-first heap   total 157696K, used 47119K [0x00000000c0000000, 0x0000000100000000)
  region size 1024K, 0 young (0K), 0 survivors (0K)
 Metaspace       used 68922K, committed 69376K, reserved 1114112K
  class space    used 9071K, committed 9280K, reserved 1048576K
}
Event: 3764.792 GC heap before
{Heap before GC invocations=389 (full 317):
 garbage-first heap   total 157696K, used 47119K [0x00000000c0000000, 0x0000000100000000)
  region size 1024K, 1 young (1024K), 0 survivors (0K)
 Metaspace       used 68922K, committed 69376K, reserved 1114112K
  class space    used 9071K, committed 9280K, reserved 1048576K
}
Event: 3764.855 GC heap after
{Heap after GC invocations=390 (full 318):
 garbage-first heap   total 157696K, used 47119K [0x00000000c0000000, 0x0000000100000000)
  region size 1024K, 0 young (0K), 0 survivors (0K)
 Metaspace       used 68922K, committed 69376K, reserved 1114112K
  class space    used 9071K, committed 9280K, reserved 1048576K
}

